c:\dev\nrg engine 2d\nrg engine\debug\vc142.pdb
c:\dev\nrg engine 2d\nrg engine\debug\vc142.idb
c:\dev\nrg engine 2d\nrg engine\debug\nrgmain.obj
c:\dev\nrg engine 2d\nrg engine\debug\log.obj
c:\dev\nrg engine 2d\nrg engine\debug\impl.obj
c:\dev\nrg engine 2d\nrg engine\debug\imgui_impl_glfw_gl3.obj
c:\dev\nrg engine 2d\nrg engine\debug\imgui_draw.obj
c:\dev\nrg engine 2d\nrg engine\debug\imgui_demo.obj
c:\dev\nrg engine 2d\nrg engine\debug\imgui.obj
c:\dev\nrg engine 2d\nrg engine\debug\main.obj
c:\dev\nrg engine 2d\debug\nrg engine.exe
c:\dev\nrg engine 2d\debug\nrg engine.ilk
c:\dev\nrg engine 2d\debug\nrg engine.pdb
c:\dev\nrg engine 2d\nrg engine\debug\vcpkg.applocal.log
c:\dev\nrg engine 2d\nrg engine\debug\test.obj
c:\dev\nrg engine 2d\nrg engine\debug\nrgmain.obj.enc
c:\dev\nrg engine 2d\nrg engine\debug\nrg engine.tlog\cl.command.1.tlog
c:\dev\nrg engine 2d\nrg engine\debug\nrg engine.tlog\cl.read.1.tlog
c:\dev\nrg engine 2d\nrg engine\debug\nrg engine.tlog\cl.write.1.tlog
c:\dev\nrg engine 2d\nrg engine\debug\nrg engine.tlog\link.command.1.tlog
c:\dev\nrg engine 2d\nrg engine\debug\nrg engine.tlog\link.read.1.tlog
c:\dev\nrg engine 2d\nrg engine\debug\nrg engine.tlog\link.write.1.tlog
c:\dev\nrg engine 2d\nrg engine\debug\nrg engine.tlog\nrg engine.write.1u.tlog
